2015/04/28 17:31:53 INFO  - jmeter.util.JMeterUtils: Setting Locale to en_US 
2015/04/28 17:31:53 INFO  - jmeter.JMeter: Loading user properties from: /Users/damienc/work/countryside-stewardship-light/drop-wizard/performance/apache-jmeter-2.13/bin/user.properties 
2015/04/28 17:31:53 INFO  - jmeter.JMeter: Loading system properties from: /Users/damienc/work/countryside-stewardship-light/drop-wizard/performance/apache-jmeter-2.13/bin/system.properties 
2015/04/28 17:31:53 INFO  - jmeter.JMeter: Setting JMeter property: jmeter.save.saveservice.output_format=xml 
2015/04/28 17:31:53 INFO  - jmeter.JMeter: Setting JMeter property: test.externalURL=volibear.ruraldev.org.uk 
2015/04/28 17:31:53 INFO  - jmeter.JMeter: Setting JMeter property: test.defaultPort=443 
2015/04/28 17:31:53 INFO  - jmeter.JMeter: Setting JMeter property: test.protocol=https 
2015/04/28 17:31:53 INFO  - jmeter.JMeter: Setting JMeter property: test.numberOfThreads=100 
2015/04/28 17:31:53 INFO  - jmeter.JMeter: Setting JMeter property: test.rampup=1 
2015/04/28 17:31:53 INFO  - jmeter.JMeter: Setting JMeter property: test.duration=60 
2015/04/28 17:31:53 INFO  - jmeter.JMeter: Setting JMeter property: test.questionOneAnswer=yes 
2015/04/28 17:31:53 INFO  - jmeter.JMeter: Setting JMeter property: test.questionTwoAnswer=no 
2015/04/28 17:31:53 INFO  - jmeter.JMeter: Setting JMeter property: test.parcel-name-one=ab12345678 
2015/04/28 17:31:53 INFO  - jmeter.JMeter: Setting JMeter property: test.option-drop-down-one=0 
2015/04/28 17:31:53 INFO  - jmeter.JMeter: Setting JMeter property: test.amount-one=1 
2015/04/28 17:31:53 INFO  - jmeter.JMeter: Setting JMeter property: test.environment=volibear 
2015/04/28 17:31:54 INFO  - jmeter.JMeter: Copyright (c) 1998-2014 The Apache Software Foundation 
2015/04/28 17:31:54 INFO  - jmeter.JMeter: Version 2.12 r1636949 
2015/04/28 17:31:54 INFO  - jmeter.JMeter: java.version=1.7.0_71 
2015/04/28 17:31:54 INFO  - jmeter.JMeter: java.vm.name=Java HotSpot(TM) 64-Bit Server VM 
2015/04/28 17:31:54 INFO  - jmeter.JMeter: os.name=Mac OS X 
2015/04/28 17:31:54 INFO  - jmeter.JMeter: os.arch=x86_64 
2015/04/28 17:31:54 INFO  - jmeter.JMeter: os.version=10.10.2 
2015/04/28 17:31:54 INFO  - jmeter.JMeter: file.encoding=UTF-8 
2015/04/28 17:31:54 INFO  - jmeter.JMeter: Default Locale=English (United States) 
2015/04/28 17:31:54 INFO  - jmeter.JMeter: JMeter  Locale=English (United States) 
2015/04/28 17:31:54 INFO  - jmeter.JMeter: JMeterHome=/Users/damienc/work/countryside-stewardship-light/drop-wizard/performance/apache-jmeter-2.13 
2015/04/28 17:31:54 INFO  - jmeter.JMeter: user.dir  =/Users/damienc/work/countryside-stewardship-light/drop-wizard/performance/scripts 
2015/04/28 17:31:54 INFO  - jmeter.JMeter: PWD       =/Users/damienc/work/countryside-stewardship-light/drop-wizard/performance/scripts 
2015/04/28 17:31:54 INFO  - jmeter.JMeter: IP: 172.16.102.185 Name: superhappy.local FullName: 172.16.102.185 
2015/04/28 17:31:54 INFO  - jmeter.services.FileServer: Default base='/Users/damienc/work/countryside-stewardship-light/drop-wizard/performance/scripts' 
2015/04/28 17:31:54 INFO  - jmeter.services.FileServer: Set new base='/Users/damienc/work/countryside-stewardship-light/drop-wizard/performance/scripts/./../jmeterTests' 
2015/04/28 17:31:54 INFO  - jmeter.JMeter: Loading file: ./../jmeterTests/CSLight-ExternalLogin.jmx 
2015/04/28 17:31:55 INFO  - jmeter.save.SaveService: Testplan (JMX) version: 2.2. Testlog (JTL) version: 2.2 
2015/04/28 17:31:55 INFO  - jmeter.save.SaveService: Using SaveService properties file encoding UTF-8 
2015/04/28 17:31:55 INFO  - jmeter.save.SaveService: Using SaveService properties version 2.7 
2015/04/28 17:31:55 INFO  - jmeter.save.SaveService: Using SaveService properties file version 1618048 
2015/04/28 17:31:55 INFO  - jmeter.save.SaveService: All converter versions present and correct 
2015/04/28 17:31:55 INFO  - jmeter.protocol.http.control.CookieManager: Settings: Delete null: false Check: false Allow variable: true Save: true Prefix: COOKIE_ 
2015/04/28 17:31:55 INFO  - jmeter.protocol.http.sampler.HTTPSamplerBase: Cannot find .className property for htmlParser, using default 
2015/04/28 17:31:55 INFO  - jmeter.protocol.http.sampler.HTTPSamplerBase: Parser for text/html is  
2015/04/28 17:31:55 INFO  - jmeter.protocol.http.sampler.HTTPSamplerBase: Parser for application/xhtml+xml is  
2015/04/28 17:31:55 INFO  - jmeter.protocol.http.sampler.HTTPSamplerBase: Parser for application/xml is  
2015/04/28 17:31:55 INFO  - jmeter.protocol.http.sampler.HTTPSamplerBase: Parser for text/xml is  
2015/04/28 17:31:55 INFO  - jmeter.protocol.http.sampler.HTTPSamplerBase: Parser for text/vnd.wap.wml is org.apache.jmeter.protocol.http.parser.RegexpHTMLParser 
2015/04/28 17:31:55 INFO  - jmeter.JMeter: Creating summariser <summary> 
2015/04/28 17:31:55 INFO  - jmeter.engine.StandardJMeterEngine: Listeners will be started after enabling running version 
2015/04/28 17:31:55 INFO  - jmeter.engine.StandardJMeterEngine: To revert to the earlier behaviour, define jmeterengine.startlistenerslater=false 
2015/04/28 17:31:55 INFO  - jmeter.engine.StandardJMeterEngine: Running the test! 
2015/04/28 17:31:55 INFO  - jmeter.samplers.SampleEvent: List of sample_variables: [] 
2015/04/28 17:31:55 INFO  - jmeter.samplers.SampleEvent: List of sample_variables: [] 
2015/04/28 17:31:55 INFO  - jmeter.engine.util.CompoundVariable: Note: Function class names must contain the string: '.functions.' 
2015/04/28 17:31:55 INFO  - jmeter.engine.util.CompoundVariable: Note: Function class names must not contain the string: '.gui.' 
2015/04/28 17:31:55 INFO  - jmeter.JMeter: Running test (1430238715680) 
2015/04/28 17:31:55 INFO  - jmeter.engine.StandardJMeterEngine: Starting ThreadGroup: 1 : CSLight-ExternalLoginThreadGroup 
2015/04/28 17:31:55 INFO  - jmeter.engine.StandardJMeterEngine: Starting 100 threads for group CSLight-ExternalLoginThreadGroup. 
2015/04/28 17:31:55 INFO  - jmeter.engine.StandardJMeterEngine: Thread will continue on error 
2015/04/28 17:31:55 INFO  - jmeter.threads.ThreadGroup: Starting thread group number 1 threads 100 ramp-up 1 perThread 10.0 delayedStart=false 
2015/04/28 17:31:55 INFO  - jmeter.threads.JMeterThread: jmeterthread.startearlier=true (see jmeter.properties) 
2015/04/28 17:31:55 INFO  - jmeter.threads.JMeterThread: Running PostProcessors in forward order 
2015/04/28 17:31:56 INFO  - jmeter.threads.JMeterThread: Thread started: CSLight-ExternalLoginThreadGroup 1-1 
2015/04/28 17:31:56 INFO  - jmeter.services.FileServer: Stored: ../data/volibear/external_login_and_organisation_data.csv 
2015/04/28 17:31:56 INFO  - jmeter.threads.JMeterThread: Thread started: CSLight-ExternalLoginThreadGroup 1-2 
2015/04/28 17:31:56 INFO  - jmeter.threads.JMeterThread: Thread started: CSLight-ExternalLoginThreadGroup 1-3 
2015/04/28 17:31:56 INFO  - jmeter.threads.JMeterThread: Thread started: CSLight-ExternalLoginThreadGroup 1-4 
2015/04/28 17:31:56 INFO  - jmeter.threads.JMeterThread: Thread started: CSLight-ExternalLoginThreadGroup 1-5 
2015/04/28 17:31:56 INFO  - jmeter.threads.JMeterThread: Thread started: CSLight-ExternalLoginThreadGroup 1-6 
2015/04/28 17:31:56 INFO  - jmeter.threads.JMeterThread: Thread started: CSLight-ExternalLoginThreadGroup 1-7 
2015/04/28 17:31:56 INFO  - jmeter.threads.JMeterThread: Thread started: CSLight-ExternalLoginThreadGroup 1-8 
2015/04/28 17:31:56 INFO  - jmeter.protocol.http.sampler.HTTPHCAbstractImpl: Local host = superhappy.local 
2015/04/28 17:31:56 INFO  - jmeter.protocol.http.sampler.HTTPHC4Impl: HTTP request retry count = 0 
2015/04/28 17:31:56 INFO  - jmeter.threads.JMeterThread: Thread started: CSLight-ExternalLoginThreadGroup 1-9 
2015/04/28 17:31:56 INFO  - jmeter.threads.JMeterThread: Thread started: CSLight-ExternalLoginThreadGroup 1-10 
2015/04/28 17:31:56 INFO  - jmeter.threads.JMeterThread: Thread started: CSLight-ExternalLoginThreadGroup 1-13 
2015/04/28 17:31:56 INFO  - jmeter.threads.JMeterThread: Thread started: CSLight-ExternalLoginThreadGroup 1-11 
2015/04/28 17:31:56 INFO  - jmeter.protocol.http.sampler.HTTPHC4Impl: Setting up HTTPS TrustAll scheme 
2015/04/28 17:31:56 INFO  - jmeter.threads.JMeterThread: Thread started: CSLight-ExternalLoginThreadGroup 1-12 
2015/04/28 17:31:56 INFO  - jmeter.threads.JMeterThread: Thread started: CSLight-ExternalLoginThreadGroup 1-14 
2015/04/28 17:31:56 INFO  - jmeter.threads.ThreadGroup: Started thread group number 1 
2015/04/28 17:31:56 INFO  - jmeter.engine.StandardJMeterEngine: All thread groups have been started 
2015/04/28 17:31:56 INFO  - jmeter.threads.JMeterThread: Thread started: CSLight-ExternalLoginThreadGroup 1-15 
2015/04/28 17:31:56 INFO  - jmeter.threads.JMeterThread: Thread started: CSLight-ExternalLoginThreadGroup 1-16 
2015/04/28 17:31:56 INFO  - jmeter.util.JsseSSLManager: Using default SSL protocol: TLS 
2015/04/28 17:31:56 INFO  - jmeter.util.JsseSSLManager: SSL session context: per-thread 
2015/04/28 17:31:56 INFO  - jmeter.threads.JMeterThread: Thread started: CSLight-ExternalLoginThreadGroup 1-17 
2015/04/28 17:31:56 INFO  - jmeter.threads.JMeterThread: Thread started: CSLight-ExternalLoginThreadGroup 1-18 
2015/04/28 17:31:56 INFO  - jmeter.threads.JMeterThread: Thread started: CSLight-ExternalLoginThreadGroup 1-19 
2015/04/28 17:31:56 INFO  - jmeter.threads.JMeterThread: Thread started: CSLight-ExternalLoginThreadGroup 1-20 
2015/04/28 17:31:56 INFO  - jmeter.threads.JMeterThread: Thread started: CSLight-ExternalLoginThreadGroup 1-21 
2015/04/28 17:31:56 INFO  - jmeter.threads.JMeterThread: Thread started: CSLight-ExternalLoginThreadGroup 1-22 
2015/04/28 17:31:56 INFO  - jmeter.threads.JMeterThread: Thread started: CSLight-ExternalLoginThreadGroup 1-23 
2015/04/28 17:31:56 INFO  - jmeter.threads.JMeterThread: Thread started: CSLight-ExternalLoginThreadGroup 1-25 
2015/04/28 17:31:56 INFO  - jmeter.threads.JMeterThread: Thread started: CSLight-ExternalLoginThreadGroup 1-24 
2015/04/28 17:31:56 INFO  - jmeter.threads.JMeterThread: Thread started: CSLight-ExternalLoginThreadGroup 1-26 
2015/04/28 17:31:56 INFO  - jmeter.threads.JMeterThread: Thread started: CSLight-ExternalLoginThreadGroup 1-27 
2015/04/28 17:31:56 INFO  - jmeter.threads.JMeterThread: Thread started: CSLight-ExternalLoginThreadGroup 1-28 
2015/04/28 17:31:56 INFO  - jmeter.threads.JMeterThread: Thread started: CSLight-ExternalLoginThreadGroup 1-29 
2015/04/28 17:31:56 INFO  - jmeter.threads.JMeterThread: Thread started: CSLight-ExternalLoginThreadGroup 1-30 
2015/04/28 17:31:56 INFO  - jmeter.threads.JMeterThread: Thread started: CSLight-ExternalLoginThreadGroup 1-31 
2015/04/28 17:31:56 INFO  - jmeter.threads.JMeterThread: Thread started: CSLight-ExternalLoginThreadGroup 1-32 
2015/04/28 17:31:56 INFO  - jmeter.threads.JMeterThread: Thread started: CSLight-ExternalLoginThreadGroup 1-33 
2015/04/28 17:31:56 INFO  - jmeter.threads.JMeterThread: Thread started: CSLight-ExternalLoginThreadGroup 1-34 
2015/04/28 17:31:56 INFO  - jmeter.threads.JMeterThread: Thread started: CSLight-ExternalLoginThreadGroup 1-35 
2015/04/28 17:31:56 INFO  - jmeter.threads.JMeterThread: Thread started: CSLight-ExternalLoginThreadGroup 1-36 
2015/04/28 17:31:56 INFO  - jmeter.threads.JMeterThread: Thread started: CSLight-ExternalLoginThreadGroup 1-37 
2015/04/28 17:31:56 INFO  - jmeter.threads.JMeterThread: Thread started: CSLight-ExternalLoginThreadGroup 1-38 
2015/04/28 17:31:56 INFO  - jmeter.threads.JMeterThread: Thread started: CSLight-ExternalLoginThreadGroup 1-39 
2015/04/28 17:31:56 INFO  - jmeter.threads.JMeterThread: Thread started: CSLight-ExternalLoginThreadGroup 1-40 
2015/04/28 17:31:56 INFO  - jmeter.threads.JMeterThread: Thread started: CSLight-ExternalLoginThreadGroup 1-41 
2015/04/28 17:31:56 INFO  - jmeter.threads.JMeterThread: Thread started: CSLight-ExternalLoginThreadGroup 1-42 
2015/04/28 17:31:56 INFO  - jmeter.threads.JMeterThread: Thread started: CSLight-ExternalLoginThreadGroup 1-43 
2015/04/28 17:31:56 INFO  - jmeter.threads.JMeterThread: Thread started: CSLight-ExternalLoginThreadGroup 1-44 
2015/04/28 17:31:56 INFO  - jmeter.threads.JMeterThread: Thread started: CSLight-ExternalLoginThreadGroup 1-45 
2015/04/28 17:31:56 INFO  - jmeter.threads.JMeterThread: Thread started: CSLight-ExternalLoginThreadGroup 1-46 
2015/04/28 17:31:56 INFO  - jmeter.threads.JMeterThread: Thread started: CSLight-ExternalLoginThreadGroup 1-48 
2015/04/28 17:31:56 INFO  - jmeter.threads.JMeterThread: Thread started: CSLight-ExternalLoginThreadGroup 1-49 
2015/04/28 17:31:56 INFO  - jmeter.threads.JMeterThread: Thread started: CSLight-ExternalLoginThreadGroup 1-47 
2015/04/28 17:31:56 INFO  - jmeter.threads.JMeterThread: Thread started: CSLight-ExternalLoginThreadGroup 1-50 
2015/04/28 17:31:56 INFO  - jmeter.threads.JMeterThread: Thread started: CSLight-ExternalLoginThreadGroup 1-51 
2015/04/28 17:31:56 INFO  - jmeter.threads.JMeterThread: Thread started: CSLight-ExternalLoginThreadGroup 1-52 
2015/04/28 17:31:56 INFO  - jmeter.threads.JMeterThread: Thread started: CSLight-ExternalLoginThreadGroup 1-54 
2015/04/28 17:31:56 INFO  - jmeter.threads.JMeterThread: Thread started: CSLight-ExternalLoginThreadGroup 1-53 
2015/04/28 17:31:56 INFO  - jmeter.threads.JMeterThread: Thread started: CSLight-ExternalLoginThreadGroup 1-55 
2015/04/28 17:31:56 INFO  - jmeter.threads.JMeterThread: Thread started: CSLight-ExternalLoginThreadGroup 1-56 
2015/04/28 17:31:56 INFO  - jmeter.threads.JMeterThread: Thread started: CSLight-ExternalLoginThreadGroup 1-57 
2015/04/28 17:31:56 INFO  - jmeter.samplers.SampleResult: Note: Sample TimeStamps are START times 
2015/04/28 17:31:56 INFO  - jmeter.samplers.SampleResult: sampleresult.default.encoding is set to ISO-8859-1 
2015/04/28 17:31:56 INFO  - jmeter.samplers.SampleResult: sampleresult.useNanoTime=true 
2015/04/28 17:31:56 INFO  - jmeter.samplers.SampleResult: sampleresult.nanoThreadSleep=5000 
2015/04/28 17:31:56 INFO  - jmeter.threads.JMeterThread: Thread started: CSLight-ExternalLoginThreadGroup 1-58 
2015/04/28 17:31:56 INFO  - jmeter.threads.JMeterThread: Thread started: CSLight-ExternalLoginThreadGroup 1-60 
2015/04/28 17:31:56 INFO  - jmeter.threads.JMeterThread: Thread started: CSLight-ExternalLoginThreadGroup 1-61 
2015/04/28 17:31:56 INFO  - jmeter.threads.JMeterThread: Thread started: CSLight-ExternalLoginThreadGroup 1-59 
2015/04/28 17:31:56 INFO  - jmeter.threads.JMeterThread: Thread started: CSLight-ExternalLoginThreadGroup 1-62 
2015/04/28 17:31:56 INFO  - jmeter.threads.JMeterThread: Thread started: CSLight-ExternalLoginThreadGroup 1-63 
2015/04/28 17:31:56 INFO  - jmeter.threads.JMeterThread: Thread started: CSLight-ExternalLoginThreadGroup 1-64 
2015/04/28 17:31:56 INFO  - jmeter.threads.JMeterThread: Thread started: CSLight-ExternalLoginThreadGroup 1-65 
2015/04/28 17:31:56 INFO  - jmeter.threads.JMeterThread: Thread started: CSLight-ExternalLoginThreadGroup 1-66 
2015/04/28 17:31:56 INFO  - jmeter.threads.JMeterThread: Thread started: CSLight-ExternalLoginThreadGroup 1-67 
2015/04/28 17:31:56 INFO  - jmeter.threads.JMeterThread: Thread started: CSLight-ExternalLoginThreadGroup 1-68 
2015/04/28 17:31:56 INFO  - jmeter.threads.JMeterThread: Thread started: CSLight-ExternalLoginThreadGroup 1-69 
2015/04/28 17:31:56 INFO  - jmeter.threads.JMeterThread: Thread started: CSLight-ExternalLoginThreadGroup 1-71 
2015/04/28 17:31:56 INFO  - jmeter.threads.JMeterThread: Thread started: CSLight-ExternalLoginThreadGroup 1-70 
2015/04/28 17:31:56 INFO  - jmeter.threads.JMeterThread: Thread started: CSLight-ExternalLoginThreadGroup 1-72 
2015/04/28 17:31:57 INFO  - jmeter.threads.JMeterThread: Thread started: CSLight-ExternalLoginThreadGroup 1-73 
2015/04/28 17:31:57 INFO  - jmeter.threads.JMeterThread: Thread started: CSLight-ExternalLoginThreadGroup 1-74 
2015/04/28 17:31:57 INFO  - jmeter.threads.JMeterThread: Thread started: CSLight-ExternalLoginThreadGroup 1-75 
2015/04/28 17:31:57 INFO  - jmeter.threads.JMeterThread: Thread started: CSLight-ExternalLoginThreadGroup 1-76 
2015/04/28 17:31:57 INFO  - jmeter.threads.JMeterThread: Thread started: CSLight-ExternalLoginThreadGroup 1-77 
2015/04/28 17:31:57 INFO  - jmeter.threads.JMeterThread: Thread started: CSLight-ExternalLoginThreadGroup 1-78 
2015/04/28 17:31:57 INFO  - jmeter.threads.JMeterThread: Thread started: CSLight-ExternalLoginThreadGroup 1-80 
2015/04/28 17:31:57 INFO  - jmeter.threads.JMeterThread: Thread started: CSLight-ExternalLoginThreadGroup 1-79 
2015/04/28 17:31:57 INFO  - jmeter.threads.JMeterThread: Thread started: CSLight-ExternalLoginThreadGroup 1-81 
2015/04/28 17:31:57 INFO  - jmeter.threads.JMeterThread: Thread started: CSLight-ExternalLoginThreadGroup 1-83 
2015/04/28 17:31:57 INFO  - jmeter.threads.JMeterThread: Thread started: CSLight-ExternalLoginThreadGroup 1-84 
2015/04/28 17:31:57 INFO  - jmeter.threads.JMeterThread: Thread started: CSLight-ExternalLoginThreadGroup 1-82 
2015/04/28 17:31:57 INFO  - jmeter.threads.JMeterThread: Thread started: CSLight-ExternalLoginThreadGroup 1-85 
2015/04/28 17:31:57 INFO  - jmeter.threads.JMeterThread: Thread started: CSLight-ExternalLoginThreadGroup 1-86 
2015/04/28 17:31:57 INFO  - jmeter.threads.JMeterThread: Thread started: CSLight-ExternalLoginThreadGroup 1-87 
2015/04/28 17:31:57 INFO  - jmeter.threads.JMeterThread: Thread started: CSLight-ExternalLoginThreadGroup 1-88 
2015/04/28 17:31:57 INFO  - jmeter.threads.JMeterThread: Thread started: CSLight-ExternalLoginThreadGroup 1-89 
2015/04/28 17:31:57 INFO  - jmeter.threads.JMeterThread: Thread started: CSLight-ExternalLoginThreadGroup 1-90 
2015/04/28 17:31:57 INFO  - jmeter.util.SSLManager: JmeterKeyStore Location:  type JKS 
2015/04/28 17:31:57 INFO  - jmeter.util.SSLManager: KeyStore created OK 
2015/04/28 17:31:57 WARN  - jmeter.util.SSLManager: Keystore file not found, loading empty keystore 
2015/04/28 17:31:57 INFO  - jmeter.threads.JMeterThread: Thread started: CSLight-ExternalLoginThreadGroup 1-92 
2015/04/28 17:31:57 INFO  - jmeter.threads.JMeterThread: Thread started: CSLight-ExternalLoginThreadGroup 1-93 
2015/04/28 17:31:57 INFO  - jmeter.threads.JMeterThread: Thread started: CSLight-ExternalLoginThreadGroup 1-94 
2015/04/28 17:31:57 INFO  - jmeter.threads.JMeterThread: Thread started: CSLight-ExternalLoginThreadGroup 1-95 
2015/04/28 17:31:57 INFO  - jmeter.threads.JMeterThread: Thread started: CSLight-ExternalLoginThreadGroup 1-91 
2015/04/28 17:31:57 INFO  - jmeter.threads.JMeterThread: Thread started: CSLight-ExternalLoginThreadGroup 1-96 
2015/04/28 17:31:57 INFO  - jmeter.threads.JMeterThread: Thread started: CSLight-ExternalLoginThreadGroup 1-97 
2015/04/28 17:31:57 INFO  - jmeter.threads.JMeterThread: Thread started: CSLight-ExternalLoginThreadGroup 1-98 
2015/04/28 17:31:57 INFO  - jmeter.threads.JMeterThread: Thread started: CSLight-ExternalLoginThreadGroup 1-99 
2015/04/28 17:31:57 INFO  - jmeter.threads.JMeterThread: Thread started: CSLight-ExternalLoginThreadGroup 1-100 
2015/04/28 17:32:02 INFO  - jmeter.reporters.Summariser: summary +      1 in   5.1s =    0.2/s Avg:  5100 Min:  5100 Max:  5100 Err:     0 (0.00%) Active: 100 Started: 100 Finished: 0 
2015/04/28 17:32:30 INFO  - jmeter.reporters.Summariser: summary +    365 in    34s =   10.9/s Avg:  4191 Min:    38 Max: 33407 Err:     0 (0.00%) Active: 100 Started: 100 Finished: 0 
2015/04/28 17:32:30 INFO  - jmeter.reporters.Summariser: summary =    366 in    34s =   10.9/s Avg:  4194 Min:    38 Max: 33407 Err:     0 (0.00%) 
2015/04/28 17:32:56 INFO  - jmeter.threads.JMeterThread: Stopping because end time detected by thread: CSLight-ExternalLoginThreadGroup 1-51 
2015/04/28 17:32:56 INFO  - jmeter.threads.JMeterThread: Thread finished: CSLight-ExternalLoginThreadGroup 1-51 
2015/04/28 17:32:56 INFO  - jmeter.threads.JMeterThread: Stopping because end time detected by thread: CSLight-ExternalLoginThreadGroup 1-99 
2015/04/28 17:32:56 INFO  - jmeter.threads.JMeterThread: Thread finished: CSLight-ExternalLoginThreadGroup 1-99 
2015/04/28 17:32:56 INFO  - jmeter.threads.JMeterThread: Stopping because end time detected by thread: CSLight-ExternalLoginThreadGroup 1-79 
2015/04/28 17:32:56 INFO  - jmeter.threads.JMeterThread: Thread finished: CSLight-ExternalLoginThreadGroup 1-79 
2015/04/28 17:32:56 INFO  - jmeter.threads.JMeterThread: Stopping because end time detected by thread: CSLight-ExternalLoginThreadGroup 1-97 
2015/04/28 17:32:56 INFO  - jmeter.threads.JMeterThread: Thread finished: CSLight-ExternalLoginThreadGroup 1-97 
2015/04/28 17:32:56 INFO  - jmeter.threads.JMeterThread: Stopping because end time detected by thread: CSLight-ExternalLoginThreadGroup 1-50 
2015/04/28 17:32:56 INFO  - jmeter.threads.JMeterThread: Thread finished: CSLight-ExternalLoginThreadGroup 1-50 
2015/04/28 17:32:56 INFO  - jmeter.threads.JMeterThread: Stopping because end time detected by thread: CSLight-ExternalLoginThreadGroup 1-22 
2015/04/28 17:32:56 INFO  - jmeter.threads.JMeterThread: Thread finished: CSLight-ExternalLoginThreadGroup 1-22 
2015/04/28 17:32:57 INFO  - jmeter.threads.JMeterThread: Stopping because end time detected by thread: CSLight-ExternalLoginThreadGroup 1-10 
2015/04/28 17:32:57 INFO  - jmeter.threads.JMeterThread: Thread finished: CSLight-ExternalLoginThreadGroup 1-10 
2015/04/28 17:32:57 INFO  - jmeter.threads.JMeterThread: Stopping because end time detected by thread: CSLight-ExternalLoginThreadGroup 1-73 
2015/04/28 17:32:57 INFO  - jmeter.threads.JMeterThread: Thread finished: CSLight-ExternalLoginThreadGroup 1-73 
2015/04/28 17:32:58 INFO  - jmeter.threads.JMeterThread: Stopping because end time detected by thread: CSLight-ExternalLoginThreadGroup 1-30 
2015/04/28 17:32:58 INFO  - jmeter.threads.JMeterThread: Thread finished: CSLight-ExternalLoginThreadGroup 1-30 
2015/04/28 17:32:58 INFO  - jmeter.threads.JMeterThread: Stopping because end time detected by thread: CSLight-ExternalLoginThreadGroup 1-61 
2015/04/28 17:32:58 INFO  - jmeter.threads.JMeterThread: Thread finished: CSLight-ExternalLoginThreadGroup 1-61 
2015/04/28 17:32:59 INFO  - jmeter.threads.JMeterThread: Stopping because end time detected by thread: CSLight-ExternalLoginThreadGroup 1-41 
2015/04/28 17:32:59 INFO  - jmeter.threads.JMeterThread: Thread finished: CSLight-ExternalLoginThreadGroup 1-41 
2015/04/28 17:32:59 INFO  - jmeter.threads.JMeterThread: Stopping because end time detected by thread: CSLight-ExternalLoginThreadGroup 1-42 
2015/04/28 17:32:59 INFO  - jmeter.threads.JMeterThread: Thread finished: CSLight-ExternalLoginThreadGroup 1-42 
2015/04/28 17:32:59 INFO  - jmeter.threads.JMeterThread: Stopping because end time detected by thread: CSLight-ExternalLoginThreadGroup 1-8 
2015/04/28 17:32:59 INFO  - jmeter.threads.JMeterThread: Thread finished: CSLight-ExternalLoginThreadGroup 1-8 
2015/04/28 17:32:59 INFO  - jmeter.threads.JMeterThread: Stopping because end time detected by thread: CSLight-ExternalLoginThreadGroup 1-96 
2015/04/28 17:32:59 INFO  - jmeter.threads.JMeterThread: Thread finished: CSLight-ExternalLoginThreadGroup 1-96 
2015/04/28 17:33:00 INFO  - jmeter.reporters.Summariser: summary +    439 in  63.3s =    6.9/s Avg:  6805 Min:    36 Max: 56998 Err:     0 (0.00%) Active: 86 Started: 100 Finished: 14 
2015/04/28 17:33:00 INFO  - jmeter.threads.JMeterThread: Stopping because end time detected by thread: CSLight-ExternalLoginThreadGroup 1-26 
2015/04/28 17:33:00 INFO  - jmeter.threads.JMeterThread: Thread finished: CSLight-ExternalLoginThreadGroup 1-26 
2015/04/28 17:33:00 INFO  - jmeter.reporters.Summariser: summary =    805 in  63.3s =   12.7/s Avg:  5618 Min:    36 Max: 56998 Err:     0 (0.00%) 
2015/04/28 17:33:00 INFO  - jmeter.threads.JMeterThread: Stopping because end time detected by thread: CSLight-ExternalLoginThreadGroup 1-82 
2015/04/28 17:33:00 INFO  - jmeter.threads.JMeterThread: Thread finished: CSLight-ExternalLoginThreadGroup 1-82 
2015/04/28 17:33:01 INFO  - jmeter.threads.JMeterThread: Stopping because end time detected by thread: CSLight-ExternalLoginThreadGroup 1-29 
2015/04/28 17:33:01 INFO  - jmeter.threads.JMeterThread: Thread finished: CSLight-ExternalLoginThreadGroup 1-29 
2015/04/28 17:33:01 INFO  - jmeter.threads.JMeterThread: Stopping because end time detected by thread: CSLight-ExternalLoginThreadGroup 1-12 
2015/04/28 17:33:01 INFO  - jmeter.threads.JMeterThread: Thread finished: CSLight-ExternalLoginThreadGroup 1-12 
2015/04/28 17:33:01 INFO  - jmeter.threads.JMeterThread: Stopping because end time detected by thread: CSLight-ExternalLoginThreadGroup 1-54 
2015/04/28 17:33:01 INFO  - jmeter.threads.JMeterThread: Thread finished: CSLight-ExternalLoginThreadGroup 1-54 
2015/04/28 17:33:01 INFO  - jmeter.threads.JMeterThread: Stopping because end time detected by thread: CSLight-ExternalLoginThreadGroup 1-78 
2015/04/28 17:33:01 INFO  - jmeter.threads.JMeterThread: Thread finished: CSLight-ExternalLoginThreadGroup 1-78 
2015/04/28 17:33:01 INFO  - jmeter.threads.JMeterThread: Stopping because end time detected by thread: CSLight-ExternalLoginThreadGroup 1-32 
2015/04/28 17:33:01 INFO  - jmeter.threads.JMeterThread: Thread finished: CSLight-ExternalLoginThreadGroup 1-32 
2015/04/28 17:33:01 INFO  - jmeter.threads.JMeterThread: Stopping because end time detected by thread: CSLight-ExternalLoginThreadGroup 1-76 
2015/04/28 17:33:01 INFO  - jmeter.threads.JMeterThread: Thread finished: CSLight-ExternalLoginThreadGroup 1-76 
2015/04/28 17:33:01 INFO  - jmeter.threads.JMeterThread: Stopping because end time detected by thread: CSLight-ExternalLoginThreadGroup 1-13 
2015/04/28 17:33:01 INFO  - jmeter.threads.JMeterThread: Thread finished: CSLight-ExternalLoginThreadGroup 1-13 
2015/04/28 17:33:01 INFO  - jmeter.threads.JMeterThread: Stopping because end time detected by thread: CSLight-ExternalLoginThreadGroup 1-28 
2015/04/28 17:33:01 INFO  - jmeter.threads.JMeterThread: Thread finished: CSLight-ExternalLoginThreadGroup 1-28 
2015/04/28 17:33:03 INFO  - jmeter.threads.JMeterThread: Stopping because end time detected by thread: CSLight-ExternalLoginThreadGroup 1-18 
2015/04/28 17:33:03 INFO  - jmeter.threads.JMeterThread: Thread finished: CSLight-ExternalLoginThreadGroup 1-18 
2015/04/28 17:33:03 INFO  - jmeter.threads.JMeterThread: Stopping because end time detected by thread: CSLight-ExternalLoginThreadGroup 1-3 
2015/04/28 17:33:03 INFO  - jmeter.threads.JMeterThread: Thread finished: CSLight-ExternalLoginThreadGroup 1-3 
2015/04/28 17:33:03 INFO  - jmeter.threads.JMeterThread: Stopping because end time detected by thread: CSLight-ExternalLoginThreadGroup 1-71 
2015/04/28 17:33:03 INFO  - jmeter.threads.JMeterThread: Thread finished: CSLight-ExternalLoginThreadGroup 1-71 
2015/04/28 17:33:03 INFO  - jmeter.threads.JMeterThread: Stopping because end time detected by thread: CSLight-ExternalLoginThreadGroup 1-81 
2015/04/28 17:33:03 INFO  - jmeter.threads.JMeterThread: Thread finished: CSLight-ExternalLoginThreadGroup 1-81 
2015/04/28 17:33:03 INFO  - jmeter.threads.JMeterThread: Stopping because end time detected by thread: CSLight-ExternalLoginThreadGroup 1-75 
2015/04/28 17:33:03 INFO  - jmeter.threads.JMeterThread: Thread finished: CSLight-ExternalLoginThreadGroup 1-75 
2015/04/28 17:33:03 INFO  - jmeter.threads.JMeterThread: Stopping because end time detected by thread: CSLight-ExternalLoginThreadGroup 1-95 
2015/04/28 17:33:03 INFO  - jmeter.threads.JMeterThread: Thread finished: CSLight-ExternalLoginThreadGroup 1-95 
2015/04/28 17:33:03 INFO  - jmeter.threads.JMeterThread: Stopping because end time detected by thread: CSLight-ExternalLoginThreadGroup 1-66 
2015/04/28 17:33:03 INFO  - jmeter.threads.JMeterThread: Thread finished: CSLight-ExternalLoginThreadGroup 1-66 
2015/04/28 17:33:03 INFO  - jmeter.threads.JMeterThread: Stopping because end time detected by thread: CSLight-ExternalLoginThreadGroup 1-74 
2015/04/28 17:33:03 INFO  - jmeter.threads.JMeterThread: Thread finished: CSLight-ExternalLoginThreadGroup 1-74 
2015/04/28 17:33:03 INFO  - jmeter.threads.JMeterThread: Stopping because end time detected by thread: CSLight-ExternalLoginThreadGroup 1-100 
2015/04/28 17:33:03 INFO  - jmeter.threads.JMeterThread: Thread finished: CSLight-ExternalLoginThreadGroup 1-100 
2015/04/28 17:33:05 INFO  - jmeter.threads.JMeterThread: Stopping because end time detected by thread: CSLight-ExternalLoginThreadGroup 1-60 
2015/04/28 17:33:05 INFO  - jmeter.threads.JMeterThread: Thread finished: CSLight-ExternalLoginThreadGroup 1-60 
2015/04/28 17:33:05 INFO  - jmeter.threads.JMeterThread: Stopping because end time detected by thread: CSLight-ExternalLoginThreadGroup 1-65 
2015/04/28 17:33:05 INFO  - jmeter.threads.JMeterThread: Thread finished: CSLight-ExternalLoginThreadGroup 1-65 
2015/04/28 17:33:05 INFO  - jmeter.threads.JMeterThread: Stopping because end time detected by thread: CSLight-ExternalLoginThreadGroup 1-63 
2015/04/28 17:33:05 INFO  - jmeter.threads.JMeterThread: Thread finished: CSLight-ExternalLoginThreadGroup 1-63 
2015/04/28 17:33:05 INFO  - jmeter.threads.JMeterThread: Stopping because end time detected by thread: CSLight-ExternalLoginThreadGroup 1-14 
2015/04/28 17:33:05 INFO  - jmeter.threads.JMeterThread: Thread finished: CSLight-ExternalLoginThreadGroup 1-14 
2015/04/28 17:33:05 INFO  - jmeter.threads.JMeterThread: Stopping because end time detected by thread: CSLight-ExternalLoginThreadGroup 1-56 
2015/04/28 17:33:05 INFO  - jmeter.threads.JMeterThread: Thread finished: CSLight-ExternalLoginThreadGroup 1-56 
2015/04/28 17:33:05 INFO  - jmeter.threads.JMeterThread: Stopping because end time detected by thread: CSLight-ExternalLoginThreadGroup 1-7 
2015/04/28 17:33:05 INFO  - jmeter.threads.JMeterThread: Thread finished: CSLight-ExternalLoginThreadGroup 1-7 
2015/04/28 17:33:05 INFO  - jmeter.threads.JMeterThread: Stopping because end time detected by thread: CSLight-ExternalLoginThreadGroup 1-57 
2015/04/28 17:33:05 INFO  - jmeter.threads.JMeterThread: Thread finished: CSLight-ExternalLoginThreadGroup 1-57 
2015/04/28 17:33:05 INFO  - jmeter.threads.JMeterThread: Stopping because end time detected by thread: CSLight-ExternalLoginThreadGroup 1-84 
2015/04/28 17:33:05 INFO  - jmeter.threads.JMeterThread: Thread finished: CSLight-ExternalLoginThreadGroup 1-84 
2015/04/28 17:33:05 INFO  - jmeter.threads.JMeterThread: Stopping because end time detected by thread: CSLight-ExternalLoginThreadGroup 1-48 
2015/04/28 17:33:05 INFO  - jmeter.threads.JMeterThread: Thread finished: CSLight-ExternalLoginThreadGroup 1-48 
2015/04/28 17:33:05 INFO  - jmeter.threads.JMeterThread: Stopping because end time detected by thread: CSLight-ExternalLoginThreadGroup 1-83 
2015/04/28 17:33:05 INFO  - jmeter.threads.JMeterThread: Thread finished: CSLight-ExternalLoginThreadGroup 1-83 
2015/04/28 17:33:06 INFO  - jmeter.threads.JMeterThread: Stopping because end time detected by thread: CSLight-ExternalLoginThreadGroup 1-62 
2015/04/28 17:33:06 INFO  - jmeter.threads.JMeterThread: Thread finished: CSLight-ExternalLoginThreadGroup 1-62 
2015/04/28 17:33:06 INFO  - jmeter.threads.JMeterThread: Stopping because end time detected by thread: CSLight-ExternalLoginThreadGroup 1-36 
2015/04/28 17:33:06 INFO  - jmeter.threads.JMeterThread: Thread finished: CSLight-ExternalLoginThreadGroup 1-36 
2015/04/28 17:33:06 INFO  - jmeter.threads.JMeterThread: Stopping because end time detected by thread: CSLight-ExternalLoginThreadGroup 1-64 
2015/04/28 17:33:06 INFO  - jmeter.threads.JMeterThread: Thread finished: CSLight-ExternalLoginThreadGroup 1-64 
2015/04/28 17:33:06 INFO  - jmeter.threads.JMeterThread: Stopping because end time detected by thread: CSLight-ExternalLoginThreadGroup 1-55 
2015/04/28 17:33:06 INFO  - jmeter.threads.JMeterThread: Thread finished: CSLight-ExternalLoginThreadGroup 1-55 
2015/04/28 17:33:07 INFO  - jmeter.threads.JMeterThread: Stopping because end time detected by thread: CSLight-ExternalLoginThreadGroup 1-91 
2015/04/28 17:33:07 INFO  - jmeter.threads.JMeterThread: Thread finished: CSLight-ExternalLoginThreadGroup 1-91 
2015/04/28 17:33:07 INFO  - jmeter.threads.JMeterThread: Stopping because end time detected by thread: CSLight-ExternalLoginThreadGroup 1-4 
2015/04/28 17:33:07 INFO  - jmeter.threads.JMeterThread: Thread finished: CSLight-ExternalLoginThreadGroup 1-4 
2015/04/28 17:33:07 INFO  - jmeter.threads.JMeterThread: Stopping because end time detected by thread: CSLight-ExternalLoginThreadGroup 1-88 
2015/04/28 17:33:07 INFO  - jmeter.threads.JMeterThread: Thread finished: CSLight-ExternalLoginThreadGroup 1-88 
2015/04/28 17:33:08 INFO  - jmeter.threads.JMeterThread: Stopping because end time detected by thread: CSLight-ExternalLoginThreadGroup 1-72 
2015/04/28 17:33:08 INFO  - jmeter.threads.JMeterThread: Thread finished: CSLight-ExternalLoginThreadGroup 1-72 
2015/04/28 17:33:08 INFO  - jmeter.threads.JMeterThread: Stopping because end time detected by thread: CSLight-ExternalLoginThreadGroup 1-58 
2015/04/28 17:33:08 INFO  - jmeter.threads.JMeterThread: Thread finished: CSLight-ExternalLoginThreadGroup 1-58 
2015/04/28 17:33:08 INFO  - jmeter.threads.JMeterThread: Stopping because end time detected by thread: CSLight-ExternalLoginThreadGroup 1-38 
2015/04/28 17:33:08 INFO  - jmeter.threads.JMeterThread: Thread finished: CSLight-ExternalLoginThreadGroup 1-38 
2015/04/28 17:33:08 INFO  - jmeter.threads.JMeterThread: Stopping because end time detected by thread: CSLight-ExternalLoginThreadGroup 1-86 
2015/04/28 17:33:08 INFO  - jmeter.threads.JMeterThread: Thread finished: CSLight-ExternalLoginThreadGroup 1-86 
2015/04/28 17:33:08 INFO  - jmeter.threads.JMeterThread: Stopping because end time detected by thread: CSLight-ExternalLoginThreadGroup 1-85 
2015/04/28 17:33:08 INFO  - jmeter.threads.JMeterThread: Thread finished: CSLight-ExternalLoginThreadGroup 1-85 
2015/04/28 17:33:08 INFO  - jmeter.threads.JMeterThread: Stopping because end time detected by thread: CSLight-ExternalLoginThreadGroup 1-67 
2015/04/28 17:33:08 INFO  - jmeter.threads.JMeterThread: Thread finished: CSLight-ExternalLoginThreadGroup 1-67 
2015/04/28 17:33:08 INFO  - jmeter.threads.JMeterThread: Stopping because end time detected by thread: CSLight-ExternalLoginThreadGroup 1-5 
2015/04/28 17:33:08 INFO  - jmeter.threads.JMeterThread: Thread finished: CSLight-ExternalLoginThreadGroup 1-5 
2015/04/28 17:33:08 INFO  - jmeter.threads.JMeterThread: Stopping because end time detected by thread: CSLight-ExternalLoginThreadGroup 1-43 
2015/04/28 17:33:08 INFO  - jmeter.threads.JMeterThread: Thread finished: CSLight-ExternalLoginThreadGroup 1-43 
2015/04/28 17:33:08 INFO  - jmeter.threads.JMeterThread: Stopping because end time detected by thread: CSLight-ExternalLoginThreadGroup 1-70 
2015/04/28 17:33:08 INFO  - jmeter.threads.JMeterThread: Thread finished: CSLight-ExternalLoginThreadGroup 1-70 
2015/04/28 17:33:09 INFO  - jmeter.threads.JMeterThread: Stopping because end time detected by thread: CSLight-ExternalLoginThreadGroup 1-17 
2015/04/28 17:33:09 INFO  - jmeter.threads.JMeterThread: Thread finished: CSLight-ExternalLoginThreadGroup 1-17 
2015/04/28 17:33:09 INFO  - jmeter.threads.JMeterThread: Stopping because end time detected by thread: CSLight-ExternalLoginThreadGroup 1-92 
2015/04/28 17:33:09 INFO  - jmeter.threads.JMeterThread: Thread finished: CSLight-ExternalLoginThreadGroup 1-92 
2015/04/28 17:33:09 INFO  - jmeter.threads.JMeterThread: Stopping because end time detected by thread: CSLight-ExternalLoginThreadGroup 1-39 
2015/04/28 17:33:09 INFO  - jmeter.threads.JMeterThread: Thread finished: CSLight-ExternalLoginThreadGroup 1-39 
2015/04/28 17:33:09 INFO  - jmeter.threads.JMeterThread: Stopping because end time detected by thread: CSLight-ExternalLoginThreadGroup 1-52 
2015/04/28 17:33:09 INFO  - jmeter.threads.JMeterThread: Thread finished: CSLight-ExternalLoginThreadGroup 1-52 
2015/04/28 17:33:10 INFO  - jmeter.threads.JMeterThread: Stopping because end time detected by thread: CSLight-ExternalLoginThreadGroup 1-77 
2015/04/28 17:33:10 INFO  - jmeter.threads.JMeterThread: Thread finished: CSLight-ExternalLoginThreadGroup 1-77 
2015/04/28 17:33:10 INFO  - jmeter.threads.JMeterThread: Stopping because end time detected by thread: CSLight-ExternalLoginThreadGroup 1-15 
2015/04/28 17:33:10 INFO  - jmeter.threads.JMeterThread: Thread finished: CSLight-ExternalLoginThreadGroup 1-15 
2015/04/28 17:33:10 INFO  - jmeter.threads.JMeterThread: Stopping because end time detected by thread: CSLight-ExternalLoginThreadGroup 1-87 
2015/04/28 17:33:10 INFO  - jmeter.threads.JMeterThread: Thread finished: CSLight-ExternalLoginThreadGroup 1-87 
2015/04/28 17:33:10 INFO  - jmeter.threads.JMeterThread: Stopping because end time detected by thread: CSLight-ExternalLoginThreadGroup 1-49 
2015/04/28 17:33:10 INFO  - jmeter.threads.JMeterThread: Thread finished: CSLight-ExternalLoginThreadGroup 1-49 
2015/04/28 17:33:10 INFO  - jmeter.threads.JMeterThread: Stopping because end time detected by thread: CSLight-ExternalLoginThreadGroup 1-98 
2015/04/28 17:33:10 INFO  - jmeter.threads.JMeterThread: Thread finished: CSLight-ExternalLoginThreadGroup 1-98 
2015/04/28 17:33:11 INFO  - jmeter.threads.JMeterThread: Stopping because end time detected by thread: CSLight-ExternalLoginThreadGroup 1-46 
2015/04/28 17:33:11 INFO  - jmeter.threads.JMeterThread: Thread finished: CSLight-ExternalLoginThreadGroup 1-46 
2015/04/28 17:33:11 INFO  - jmeter.threads.JMeterThread: Stopping because end time detected by thread: CSLight-ExternalLoginThreadGroup 1-31 
2015/04/28 17:33:11 INFO  - jmeter.threads.JMeterThread: Thread finished: CSLight-ExternalLoginThreadGroup 1-31 
2015/04/28 17:33:11 INFO  - jmeter.threads.JMeterThread: Stopping because end time detected by thread: CSLight-ExternalLoginThreadGroup 1-90 
2015/04/28 17:33:11 INFO  - jmeter.threads.JMeterThread: Thread finished: CSLight-ExternalLoginThreadGroup 1-90 
2015/04/28 17:33:11 INFO  - jmeter.threads.JMeterThread: Stopping because end time detected by thread: CSLight-ExternalLoginThreadGroup 1-35 
2015/04/28 17:33:11 INFO  - jmeter.threads.JMeterThread: Thread finished: CSLight-ExternalLoginThreadGroup 1-35 
2015/04/28 17:33:12 INFO  - jmeter.threads.JMeterThread: Stopping because end time detected by thread: CSLight-ExternalLoginThreadGroup 1-34 
2015/04/28 17:33:12 INFO  - jmeter.threads.JMeterThread: Thread finished: CSLight-ExternalLoginThreadGroup 1-34 
2015/04/28 17:33:12 INFO  - jmeter.threads.JMeterThread: Stopping because end time detected by thread: CSLight-ExternalLoginThreadGroup 1-20 
2015/04/28 17:33:12 INFO  - jmeter.threads.JMeterThread: Thread finished: CSLight-ExternalLoginThreadGroup 1-20 
2015/04/28 17:33:12 INFO  - jmeter.threads.JMeterThread: Stopping because end time detected by thread: CSLight-ExternalLoginThreadGroup 1-16 
2015/04/28 17:33:12 INFO  - jmeter.threads.JMeterThread: Thread finished: CSLight-ExternalLoginThreadGroup 1-16 
2015/04/28 17:33:12 INFO  - jmeter.threads.JMeterThread: Stopping because end time detected by thread: CSLight-ExternalLoginThreadGroup 1-68 
2015/04/28 17:33:12 INFO  - jmeter.threads.JMeterThread: Thread finished: CSLight-ExternalLoginThreadGroup 1-68 
2015/04/28 17:33:12 INFO  - jmeter.threads.JMeterThread: Stopping because end time detected by thread: CSLight-ExternalLoginThreadGroup 1-9 
2015/04/28 17:33:12 INFO  - jmeter.threads.JMeterThread: Thread finished: CSLight-ExternalLoginThreadGroup 1-9 
2015/04/28 17:33:12 INFO  - jmeter.threads.JMeterThread: Stopping because end time detected by thread: CSLight-ExternalLoginThreadGroup 1-59 
2015/04/28 17:33:12 INFO  - jmeter.threads.JMeterThread: Thread finished: CSLight-ExternalLoginThreadGroup 1-59 
2015/04/28 17:33:12 INFO  - jmeter.threads.JMeterThread: Stopping because end time detected by thread: CSLight-ExternalLoginThreadGroup 1-93 
2015/04/28 17:33:12 INFO  - jmeter.threads.JMeterThread: Thread finished: CSLight-ExternalLoginThreadGroup 1-93 
2015/04/28 17:33:13 INFO  - jmeter.threads.JMeterThread: Stopping because end time detected by thread: CSLight-ExternalLoginThreadGroup 1-69 
2015/04/28 17:33:13 INFO  - jmeter.threads.JMeterThread: Thread finished: CSLight-ExternalLoginThreadGroup 1-69 
2015/04/28 17:33:13 INFO  - jmeter.threads.JMeterThread: Stopping because end time detected by thread: CSLight-ExternalLoginThreadGroup 1-2 
2015/04/28 17:33:13 INFO  - jmeter.threads.JMeterThread: Thread finished: CSLight-ExternalLoginThreadGroup 1-2 
2015/04/28 17:33:15 INFO  - jmeter.threads.JMeterThread: Stopping because end time detected by thread: CSLight-ExternalLoginThreadGroup 1-27 
2015/04/28 17:33:15 INFO  - jmeter.threads.JMeterThread: Thread finished: CSLight-ExternalLoginThreadGroup 1-27 
2015/04/28 17:33:15 INFO  - jmeter.threads.JMeterThread: Stopping because end time detected by thread: CSLight-ExternalLoginThreadGroup 1-44 
2015/04/28 17:33:15 INFO  - jmeter.threads.JMeterThread: Thread finished: CSLight-ExternalLoginThreadGroup 1-44 
2015/04/28 17:33:15 INFO  - jmeter.threads.JMeterThread: Stopping because end time detected by thread: CSLight-ExternalLoginThreadGroup 1-1 
2015/04/28 17:33:15 INFO  - jmeter.threads.JMeterThread: Thread finished: CSLight-ExternalLoginThreadGroup 1-1 
2015/04/28 17:33:15 INFO  - jmeter.threads.JMeterThread: Stopping because end time detected by thread: CSLight-ExternalLoginThreadGroup 1-33 
2015/04/28 17:33:15 INFO  - jmeter.threads.JMeterThread: Thread finished: CSLight-ExternalLoginThreadGroup 1-33 
2015/04/28 17:33:15 INFO  - jmeter.threads.JMeterThread: Stopping because end time detected by thread: CSLight-ExternalLoginThreadGroup 1-25 
2015/04/28 17:33:15 INFO  - jmeter.threads.JMeterThread: Thread finished: CSLight-ExternalLoginThreadGroup 1-25 
2015/04/28 17:33:15 INFO  - jmeter.threads.JMeterThread: Stopping because end time detected by thread: CSLight-ExternalLoginThreadGroup 1-19 
2015/04/28 17:33:15 INFO  - jmeter.threads.JMeterThread: Thread finished: CSLight-ExternalLoginThreadGroup 1-19 
2015/04/28 17:33:15 INFO  - jmeter.threads.JMeterThread: Stopping because end time detected by thread: CSLight-ExternalLoginThreadGroup 1-53 
2015/04/28 17:33:15 INFO  - jmeter.threads.JMeterThread: Thread finished: CSLight-ExternalLoginThreadGroup 1-53 
2015/04/28 17:33:15 INFO  - jmeter.threads.JMeterThread: Stopping because end time detected by thread: CSLight-ExternalLoginThreadGroup 1-40 
2015/04/28 17:33:15 INFO  - jmeter.threads.JMeterThread: Thread finished: CSLight-ExternalLoginThreadGroup 1-40 
2015/04/28 17:33:15 INFO  - jmeter.threads.JMeterThread: Stopping because end time detected by thread: CSLight-ExternalLoginThreadGroup 1-94 
2015/04/28 17:33:15 INFO  - jmeter.threads.JMeterThread: Thread finished: CSLight-ExternalLoginThreadGroup 1-94 
2015/04/28 17:33:15 INFO  - jmeter.threads.JMeterThread: Stopping because end time detected by thread: CSLight-ExternalLoginThreadGroup 1-23 
2015/04/28 17:33:15 INFO  - jmeter.threads.JMeterThread: Thread finished: CSLight-ExternalLoginThreadGroup 1-23 
2015/04/28 17:33:15 INFO  - jmeter.threads.JMeterThread: Stopping because end time detected by thread: CSLight-ExternalLoginThreadGroup 1-6 
2015/04/28 17:33:15 INFO  - jmeter.threads.JMeterThread: Thread finished: CSLight-ExternalLoginThreadGroup 1-6 
2015/04/28 17:33:15 INFO  - jmeter.threads.JMeterThread: Stopping because end time detected by thread: CSLight-ExternalLoginThreadGroup 1-21 
2015/04/28 17:33:15 INFO  - jmeter.threads.JMeterThread: Thread finished: CSLight-ExternalLoginThreadGroup 1-21 
2015/04/28 17:33:15 INFO  - jmeter.threads.JMeterThread: Stopping because end time detected by thread: CSLight-ExternalLoginThreadGroup 1-37 
2015/04/28 17:33:15 INFO  - jmeter.threads.JMeterThread: Thread finished: CSLight-ExternalLoginThreadGroup 1-37 
2015/04/28 17:33:15 INFO  - jmeter.threads.JMeterThread: Stopping because end time detected by thread: CSLight-ExternalLoginThreadGroup 1-47 
2015/04/28 17:33:15 INFO  - jmeter.threads.JMeterThread: Thread finished: CSLight-ExternalLoginThreadGroup 1-47 
2015/04/28 17:33:16 INFO  - jmeter.threads.JMeterThread: Stopping because end time detected by thread: CSLight-ExternalLoginThreadGroup 1-89 
2015/04/28 17:33:16 INFO  - jmeter.threads.JMeterThread: Thread finished: CSLight-ExternalLoginThreadGroup 1-89 
2015/04/28 17:33:17 INFO  - jmeter.threads.JMeterThread: Stopping because end time detected by thread: CSLight-ExternalLoginThreadGroup 1-45 
2015/04/28 17:33:17 INFO  - jmeter.threads.JMeterThread: Thread finished: CSLight-ExternalLoginThreadGroup 1-45 
2015/04/28 17:33:17 INFO  - jmeter.threads.JMeterThread: Stopping because end time detected by thread: CSLight-ExternalLoginThreadGroup 1-24 
2015/04/28 17:33:17 INFO  - jmeter.threads.JMeterThread: Thread finished: CSLight-ExternalLoginThreadGroup 1-24 
2015/04/28 17:33:17 INFO  - jmeter.threads.JMeterThread: Stopping because end time detected by thread: CSLight-ExternalLoginThreadGroup 1-11 
2015/04/28 17:33:17 INFO  - jmeter.threads.JMeterThread: Thread finished: CSLight-ExternalLoginThreadGroup 1-11 
2015/04/28 17:33:17 INFO  - jmeter.threads.JMeterThread: Stopping because end time detected by thread: CSLight-ExternalLoginThreadGroup 1-80 
2015/04/28 17:33:17 INFO  - jmeter.threads.JMeterThread: Thread finished: CSLight-ExternalLoginThreadGroup 1-80 
2015/04/28 17:33:17 INFO  - jmeter.engine.StandardJMeterEngine: Notifying test listeners of end of test 
2015/04/28 17:33:17 INFO  - jmeter.services.FileServer: Close: ../data/volibear/external_login_and_organisation_data.csv 
2015/04/28 17:33:17 INFO  - jmeter.reporters.Summariser: summary +     85 in    66s =    1.3/s Avg: 29593 Min:  9090 Max: 53081 Err:     0 (0.00%) Active: 0 Started: 100 Finished: 100 
2015/04/28 17:33:17 INFO  - jmeter.reporters.Summariser: summary =    890 in  80.1s =   11.1/s Avg:  7908 Min:    36 Max: 56998 Err:     0 (0.00%) 
